<?xml version="1.0" encoding="UTF-8"?>
<testng-results skipped="0" failed="0" ignored="0" total="3" passed="3">
  <reporter-output>
  </reporter-output>
  <suite name="Suite" duration-ms="29971" started-at="2022-07-21T16:18:26Z" finished-at="2022-07-21T16:18:56Z">
    <groups>
    </groups>
    <test name="Test" duration-ms="29971" started-at="2022-07-21T16:18:26Z" finished-at="2022-07-21T16:18:56Z">
      <class name="demoTestNG.FrameWindowSwitchCases">
        <test-method status="PASS" signature="testGoogle()[pri:0, instance:demoTestNG.FrameWindowSwitchCases@4e9ba398]" name="testGoogle" duration-ms="10367" started-at="2022-07-21T16:18:45Z" finished-at="2022-07-21T16:18:56Z">
          <reporter-output>
          </reporter-output>
        </test-method> <!-- testGoogle -->
      </class> <!-- demoTestNG.FrameWindowSwitchCases -->
      <class name="demoTestNG.AlertPopUpCases">
        <test-method status="PASS" signature="testAlertPopups()[pri:0, instance:demoTestNG.AlertPopUpCases@2286778]" name="testAlertPopups" duration-ms="6438" started-at="2022-07-21T16:18:39Z" finished-at="2022-07-21T16:18:45Z">
          <reporter-output>
          </reporter-output>
        </test-method> <!-- testAlertPopups -->
      </class> <!-- demoTestNG.AlertPopUpCases -->
      <class name="demoTestNG.DragDropCases">
        <test-method status="PASS" signature="dragDropFeatureAutomation()[pri:0, instance:demoTestNG.DragDropCases@56235b8e]" name="dragDropFeatureAutomation" duration-ms="13132" started-at="2022-07-21T16:18:26Z" finished-at="2022-07-21T16:18:39Z">
          <reporter-output>
          </reporter-output>
        </test-method> <!-- dragDropFeatureAutomation -->
      </class> <!-- demoTestNG.DragDropCases -->
    </test> <!-- Test -->
  </suite> <!-- Suite -->
</testng-results>
