<?xml version="1.0" encoding="UTF-8"?>
<!-- Generated by org.testng.reporters.JUnitXMLReporter -->
<testsuite hostname="DESKTOP-V9DRMMS" ignored="0" name="Test" tests="3" failures="0" timestamp="21 Jul 2022 16:18:56 GMT" time="29.971" errors="0">
  <testcase name="dragDropFeatureAutomation" time="13.132" classname="demoTestNG.DragDropCases"/>
  <testcase name="testAlertPopups" time="6.438" classname="demoTestNG.AlertPopUpCases"/>
  <testcase name="testGoogle" time="10.367" classname="demoTestNG.FrameWindowSwitchCases"/>
</testsuite> <!-- Test -->
